[INFO][localhost-startStop-1][2023-04-18 00:51:08][org.springframework.web.context.ContextLoader] - Root WebApplicationContext: initialization started
org.springframework.web.context.ContextLoader.initWebApplicationContext(ContextLoader.java:271)
[INFO][localhost-startStop-1][2023-04-18 00:51:09][org.springframework.web.context.ContextLoader] - Root WebApplicationContext initialized in 660 ms
org.springframework.web.context.ContextLoader.initWebApplicationContext(ContextLoader.java:307)
[INFO][localhost-startStop-1][2023-04-18 00:51:09][org.springframework.web.servlet.FrameworkServlet] - Initializing Servlet 'dispatcher'
org.springframework.web.servlet.FrameworkServlet.initServletBean(FrameworkServlet.java:525)
[INFO][localhost-startStop-1][2023-04-18 00:51:09][org.springframework.web.servlet.FrameworkServlet] - Completed initialization in 591 ms
org.springframework.web.servlet.FrameworkServlet.initServletBean(FrameworkServlet.java:547)
[INFO][http-bio-8080-exec-2][2023-04-18 00:51:19][com.zhu.controller.CourseController] - 查询所有科目名称，selectSubjectName方法被调用
com.zhu.controller.CourseController.selectSubjectName(CourseController.java:25)
[INFO][http-bio-8080-exec-3][2023-04-18 00:51:19][com.zhu.controller.StudentController] - selectAllByPage()方法被调用
com.zhu.controller.StudentController.selectAllByPage(StudentController.java:30)
[INFO][http-bio-8080-exec-2][2023-04-18 00:51:19][com.alibaba.druid.pool.DruidDataSource] - {dataSource-1} inited
com.alibaba.druid.pool.DruidDataSource.init(DruidDataSource.java:1002)
[INFO][http-bio-8080-exec-2][2023-04-18 00:51:19][com.zhu.service.impl.CourseServiceImpl] - 查询所有科目开始
com.zhu.service.impl.CourseServiceImpl.selectCourseName(CourseServiceImpl.java:20)
[INFO][http-bio-8080-exec-3][2023-04-18 00:51:19][com.zhu.service.impl.StudentServiceImpl] - 查询所有开始
com.zhu.service.impl.StudentServiceImpl.selectAllByPageWithCondition(StudentServiceImpl.java:47)
[INFO][http-bio-8080-exec-2][2023-04-18 00:51:19][com.zhu.service.impl.CourseServiceImpl] - 查询所有科目结束，查询成功
com.zhu.service.impl.CourseServiceImpl.selectCourseName(CourseServiceImpl.java:22)
[INFO][http-bio-8080-exec-2][2023-04-18 00:51:19][com.zhu.controller.CourseController] - selectSubjectName方法被调用结束
com.zhu.controller.CourseController.selectSubjectName(CourseController.java:29)
[INFO][http-bio-8080-exec-3][2023-04-18 00:51:19][com.zhu.service.impl.StudentServiceImpl] - 查询所有结束
com.zhu.service.impl.StudentServiceImpl.selectAllByPageWithCondition(StudentServiceImpl.java:66)
[INFO][http-bio-8080-exec-3][2023-04-18 00:51:19][com.zhu.controller.StudentController] - selectAllByPage()方法调用结束
com.zhu.controller.StudentController.selectAllByPage(StudentController.java:53)
[INFO][http-bio-8080-exec-6][2023-04-18 00:51:31][com.zhu.controller.StudentController] - 新增学生按钮，studentAdd方法被调用
com.zhu.controller.StudentController.studentAdd(StudentController.java:111)
[INFO][http-bio-8080-exec-6][2023-04-18 00:51:31][com.zhu.service.impl.StudentServiceImpl] - 新增学生开始
com.zhu.service.impl.StudentServiceImpl.studentAdd(StudentServiceImpl.java:114)
[INFO][http-bio-8080-exec-6][2023-04-18 00:51:31][com.zhu.service.impl.StudentServiceImpl] - 新增学生结束，新增成功
com.zhu.service.impl.StudentServiceImpl.studentAdd(StudentServiceImpl.java:123)
[INFO][http-bio-8080-exec-6][2023-04-18 00:51:31][com.zhu.controller.StudentController] - studentAdd方法调用结束
com.zhu.controller.StudentController.studentAdd(StudentController.java:120)
[INFO][http-bio-8080-exec-7][2023-04-18 00:51:31][com.zhu.controller.StudentController] - selectAllByPage()方法被调用
com.zhu.controller.StudentController.selectAllByPage(StudentController.java:30)
[INFO][http-bio-8080-exec-7][2023-04-18 00:51:31][com.zhu.service.impl.StudentServiceImpl] - 查询所有开始
com.zhu.service.impl.StudentServiceImpl.selectAllByPageWithCondition(StudentServiceImpl.java:47)
[INFO][http-bio-8080-exec-7][2023-04-18 00:51:31][com.zhu.service.impl.StudentServiceImpl] - 查询所有结束
com.zhu.service.impl.StudentServiceImpl.selectAllByPageWithCondition(StudentServiceImpl.java:66)
[INFO][http-bio-8080-exec-7][2023-04-18 00:51:31][com.zhu.controller.StudentController] - selectAllByPage()方法调用结束
com.zhu.controller.StudentController.selectAllByPage(StudentController.java:53)
[INFO][http-bio-8080-exec-9][2023-04-18 00:51:34][com.zhu.controller.StudentController] - selectAllByPage()方法被调用
com.zhu.controller.StudentController.selectAllByPage(StudentController.java:30)
[INFO][http-bio-8080-exec-9][2023-04-18 00:51:34][com.zhu.service.impl.StudentServiceImpl] - 查询所有开始
com.zhu.service.impl.StudentServiceImpl.selectAllByPageWithCondition(StudentServiceImpl.java:47)
[INFO][http-bio-8080-exec-8][2023-04-18 00:51:34][com.zhu.controller.StudentController] - 删除学生按钮,deleteById()方法被调用
com.zhu.controller.StudentController.deleteById(StudentController.java:70)
[INFO][http-bio-8080-exec-8][2023-04-18 00:51:34][com.zhu.service.impl.StudentServiceImpl] - 删除开始
com.zhu.service.impl.StudentServiceImpl.deleteById(StudentServiceImpl.java:82)
[INFO][http-bio-8080-exec-8][2023-04-18 00:51:34][com.zhu.service.impl.StudentServiceImpl] - 删除结束，删除成功
com.zhu.service.impl.StudentServiceImpl.deleteById(StudentServiceImpl.java:86)
[INFO][http-bio-8080-exec-8][2023-04-18 00:51:34][com.zhu.controller.StudentController] - deleteById()方法调用结束
com.zhu.controller.StudentController.deleteById(StudentController.java:72)
[INFO][http-bio-8080-exec-9][2023-04-18 00:51:34][com.zhu.service.impl.StudentServiceImpl] - 查询所有结束
com.zhu.service.impl.StudentServiceImpl.selectAllByPageWithCondition(StudentServiceImpl.java:66)
[INFO][http-bio-8080-exec-9][2023-04-18 00:51:34][com.zhu.controller.StudentController] - selectAllByPage()方法调用结束
com.zhu.controller.StudentController.selectAllByPage(StudentController.java:53)
[INFO][http-bio-8080-exec-10][2023-04-18 00:51:34][com.zhu.controller.StudentController] - selectAllByPage()方法被调用
com.zhu.controller.StudentController.selectAllByPage(StudentController.java:30)
[INFO][http-bio-8080-exec-10][2023-04-18 00:51:34][com.zhu.service.impl.StudentServiceImpl] - 查询所有开始
com.zhu.service.impl.StudentServiceImpl.selectAllByPageWithCondition(StudentServiceImpl.java:47)
[INFO][http-bio-8080-exec-10][2023-04-18 00:51:34][com.zhu.service.impl.StudentServiceImpl] - 查询所有结束
com.zhu.service.impl.StudentServiceImpl.selectAllByPageWithCondition(StudentServiceImpl.java:66)
[INFO][http-bio-8080-exec-10][2023-04-18 00:51:34][com.zhu.controller.StudentController] - selectAllByPage()方法调用结束
com.zhu.controller.StudentController.selectAllByPage(StudentController.java:53)
[INFO][http-bio-8080-exec-10][2023-04-18 00:51:46][com.zhu.controller.StudentController] - 批量删除按钮，deleteByIds()方法被调用
com.zhu.controller.StudentController.deleteByIds(StudentController.java:86)
[INFO][http-bio-8080-exec-10][2023-04-18 00:51:46][com.zhu.service.impl.StudentServiceImpl] - 批量删除开始
com.zhu.service.impl.StudentServiceImpl.deleteByIds(StudentServiceImpl.java:98)
[INFO][http-bio-8080-exec-9][2023-04-18 00:51:46][com.zhu.controller.StudentController] - selectAllByPage()方法被调用
com.zhu.controller.StudentController.selectAllByPage(StudentController.java:30)
[INFO][http-bio-8080-exec-9][2023-04-18 00:51:46][com.zhu.service.impl.StudentServiceImpl] - 查询所有开始
com.zhu.service.impl.StudentServiceImpl.selectAllByPageWithCondition(StudentServiceImpl.java:47)
[INFO][http-bio-8080-exec-10][2023-04-18 00:51:46][com.zhu.service.impl.StudentServiceImpl] - 批量删除结束，删除成功
com.zhu.service.impl.StudentServiceImpl.deleteByIds(StudentServiceImpl.java:102)
[INFO][http-bio-8080-exec-10][2023-04-18 00:51:46][com.zhu.controller.StudentController] - deleteByIds()方法调用结束
com.zhu.controller.StudentController.deleteByIds(StudentController.java:98)
[INFO][http-bio-8080-exec-10][2023-04-18 00:51:46][com.zhu.controller.StudentController] - selectAllByPage()方法被调用
com.zhu.controller.StudentController.selectAllByPage(StudentController.java:30)
[INFO][http-bio-8080-exec-10][2023-04-18 00:51:46][com.zhu.service.impl.StudentServiceImpl] - 查询所有开始
com.zhu.service.impl.StudentServiceImpl.selectAllByPageWithCondition(StudentServiceImpl.java:47)
[INFO][http-bio-8080-exec-9][2023-04-18 00:51:46][com.zhu.service.impl.StudentServiceImpl] - 查询所有结束
com.zhu.service.impl.StudentServiceImpl.selectAllByPageWithCondition(StudentServiceImpl.java:66)
[INFO][http-bio-8080-exec-9][2023-04-18 00:51:46][com.zhu.controller.StudentController] - selectAllByPage()方法调用结束
com.zhu.controller.StudentController.selectAllByPage(StudentController.java:53)
[INFO][http-bio-8080-exec-10][2023-04-18 00:51:46][com.zhu.service.impl.StudentServiceImpl] - 查询所有结束
com.zhu.service.impl.StudentServiceImpl.selectAllByPageWithCondition(StudentServiceImpl.java:66)
[INFO][http-bio-8080-exec-10][2023-04-18 00:51:46][com.zhu.controller.StudentController] - selectAllByPage()方法调用结束
com.zhu.controller.StudentController.selectAllByPage(StudentController.java:53)
[INFO][http-bio-8080-exec-10][2023-04-18 00:51:53][com.zhu.controller.ExcelController] - 导出选中学生按钮，exportSelect方法被调用
com.zhu.controller.ExcelController.exportSelect(ExcelController.java:44)
[INFO][http-bio-8080-exec-10][2023-04-18 00:51:53][com.zhu.service.impl.ExcelServiceImpl] - 转为Excel开始
com.zhu.service.impl.ExcelServiceImpl.selectByIds(ExcelServiceImpl.java:59)
[INFO][http-bio-8080-exec-10][2023-04-18 00:51:54][com.zhu.service.impl.ExcelServiceImpl] - 转为Excel结束
com.zhu.service.impl.ExcelServiceImpl.selectByIds(ExcelServiceImpl.java:70)
[INFO][http-bio-8080-exec-10][2023-04-18 00:51:54][com.zhu.controller.ExcelController] - exportSelect方法被调用结束
com.zhu.controller.ExcelController.exportSelect(ExcelController.java:54)
[INFO][localhost-startStop-2][2023-04-18 00:53:55][com.alibaba.druid.pool.DruidDataSource] - {dataSource-1} closing ...
com.alibaba.druid.pool.DruidDataSource.close(DruidDataSource.java:1885)
[INFO][localhost-startStop-2][2023-04-18 00:53:55][com.alibaba.druid.pool.DruidDataSource] - {dataSource-1} closed
com.alibaba.druid.pool.DruidDataSource.close(DruidDataSource.java:1955)
[INFO][localhost-startStop-2][2023-04-18 00:53:55][com.alibaba.druid.pool.DruidDataSource] - {dataSource-0} closing ...
com.alibaba.druid.pool.DruidDataSource.close(DruidDataSource.java:1885)
